Using pre-set license
Built from '2020.3/release' branch; Version is '2020.3.1f1 (77a89f25062f) revision 7841951'; Using compiler version '192528614'; Build Type 'Release'
OS: 'Windows 10 Home; OS build 19042.1237; Version 2009; 64bit' Language: 'en' Physical Memory: 16309 MB
BatchMode: 1, IsHumanControllingUs: 0, StartBugReporterOnCrash: 0, Is64bit: 1, IsPro: 0

 COMMAND LINE ARGUMENTS:
C:\Program Files\Unity\Hub\Editor\2020.3.1f1\Editor\Unity.exe
-adb2
-batchMode
-noUpm
-name
AssetImportWorker0
-projectPath
C:/Users/Pol Lozano Llorens/Documents/Unity Projects/CallbackSystem
-logFile
Logs/AssetImportWorker0.log
-srvPort
64952
Successfully changed project path to: C:/Users/Pol Lozano Llorens/Documents/Unity Projects/CallbackSystem
C:/Users/Pol Lozano Llorens/Documents/Unity Projects/CallbackSystem
Using Asset Import Pipeline V2.
Refreshing native plugins compatible for Editor in 19.65 ms, found 0 plugins.
Preloading 0 native plugins for Editor in 0.00 ms.
Initialize engine version: 2020.3.1f1 (77a89f25062f)
[Subsystems] Discovering subsystems at path C:/Program Files/Unity/Hub/Editor/2020.3.1f1/Editor/Data/Resources/UnitySubsystems
[Subsystems] Discovering subsystems at path C:/Users/Pol Lozano Llorens/Documents/Unity Projects/CallbackSystem/Assets
GfxDevice: creating device client; threaded=0
Direct3D:
    Version:  Direct3D 11.0 [level 11.1]
    Renderer: AMD Radeon RX 5700 XT (ID=0x731f)
    Vendor:   
    VRAM:     8151 MB
    Driver:   30.0.13017.5006
Initialize mono
Mono path[0] = 'C:/Program Files/Unity/Hub/Editor/2020.3.1f1/Editor/Data/Managed'
Mono path[1] = 'C:/Program Files/Unity/Hub/Editor/2020.3.1f1/Editor/Data/MonoBleedingEdge/lib/mono/unityjit'
Mono config path = 'C:/Program Files/Unity/Hub/Editor/2020.3.1f1/Editor/Data/MonoBleedingEdge/etc'
Using monoOptions --debugger-agent=transport=dt_socket,embedding=1,server=y,suspend=n,address=127.0.0.1:56556
Begin MonoManager ReloadAssembly
Registering precompiled unity dll's ...
Register platform support module: C:/Program Files/Unity/Hub/Editor/2020.3.1f1/Editor/Data/PlaybackEngines/WindowsStandaloneSupport/UnityEditor.WindowsStandalone.Extensions.dll
Registered in 0.001692 seconds.
Native extension for WindowsStandalone target not found
Refreshing native plugins compatible for Editor in 19.72 ms, found 0 plugins.
Preloading 0 native plugins for Editor in 0.00 ms.
Invoked RoslynAnalysisRunner static constructor.
RoslynAnalysisRunner will not be running.
RoslynAnalysisRunner has terminated.
Mono: successfully reloaded assembly
- Completed reload, in  0.823 seconds
Platform modules already initialized, skipping
Registering precompiled user dll's ...
Registered in 0.000519 seconds.
Begin MonoManager ReloadAssembly
Native extension for WindowsStandalone target not found
Refreshing native plugins compatible for Editor in 0.20 ms, found 0 plugins.
Preloading 0 native plugins for Editor in 0.00 ms.
Invoked RoslynAnalysisRunner static constructor.
RoslynAnalysisRunner will not be running.
RoslynAnalysisRunner has terminated.
Mono: successfully reloaded assembly
- Completed reload, in  0.644 seconds
Platform modules already initialized, skipping
========================================================================
Worker process is ready to serve import requests
Launched and connected shader compiler UnityShaderCompiler.exe after 0.03 seconds
Refreshing native plugins compatible for Editor in 0.25 ms, found 0 plugins.
Preloading 0 native plugins for Editor in 0.00 ms.
Unloading 1121 Unused Serialized files (Serialized files now loaded: 0)
System memory in use before: 57.5 MB.
System memory in use after: 57.6 MB.

Unloading 9 unused Assets to reduce memory usage. Loaded Objects now: 1566.
Total: 1.540500 ms (FindLiveObjects: 0.121600 ms CreateObjectMapping: 0.027700 ms MarkObjects: 1.342900 ms  DeleteObjects: 0.047500 ms)

========================================================================
Received Import Request.
  path: Assets/Scripts/EventSystem/EventHandler.cs
  artifactKey: Guid(8dc2e2a90bcf5924987141bdf2dcd31b) Importer(815301076,1909f56bfc062723c751e8b465ee728b)
Start importing Assets/Scripts/EventSystem/EventHandler.cs using Guid(8dc2e2a90bcf5924987141bdf2dcd31b) Importer(815301076,1909f56bfc062723c751e8b465ee728b)  -> (artifact id: '2efa7a5e791b25826bae59116c235a71') in 0.026529 seconds
  Import took 0.028239 seconds .

========================================================================
Received Prepare
Registering precompiled user dll's ...
Registered in 0.000551 seconds.
Begin MonoManager ReloadAssembly
Native extension for WindowsStandalone target not found
Refreshing native plugins compatible for Editor in 0.20 ms, found 0 plugins.
Preloading 0 native plugins for Editor in 0.00 ms.
Invoked RoslynAnalysisRunner static constructor.
RoslynAnalysisRunner will not be running.
RoslynAnalysisRunner has terminated.
Mono: successfully reloaded assembly
- Completed reload, in  0.620 seconds
Platform modules already initialized, skipping
Refreshing native plugins compatible for Editor in 0.25 ms, found 0 plugins.
Preloading 0 native plugins for Editor in 0.00 ms.
Unloading 1115 Unused Serialized files (Serialized files now loaded: 0)
System memory in use before: 57.4 MB.
System memory in use after: 57.5 MB.

Unloading 4 unused Assets to reduce memory usage. Loaded Objects now: 1569.
Total: 1.727800 ms (FindLiveObjects: 0.357700 ms CreateObjectMapping: 0.043900 ms MarkObjects: 1.308600 ms  DeleteObjects: 0.014500 ms)

========================================================================
Received Prepare
Registering precompiled user dll's ...
Registered in 0.000493 seconds.
Begin MonoManager ReloadAssembly
Native extension for WindowsStandalone target not found
Refreshing native plugins compatible for Editor in 0.19 ms, found 0 plugins.
Preloading 0 native plugins for Editor in 0.00 ms.
Invoked RoslynAnalysisRunner static constructor.
RoslynAnalysisRunner will not be running.
RoslynAnalysisRunner has terminated.
Mono: successfully reloaded assembly
- Completed reload, in  0.592 seconds
Platform modules already initialized, skipping
Refreshing native plugins compatible for Editor in 0.19 ms, found 0 plugins.
Preloading 0 native plugins for Editor in 0.00 ms.
Unloading 1115 Unused Serialized files (Serialized files now loaded: 0)
System memory in use before: 57.4 MB.
System memory in use after: 57.5 MB.

Unloading 4 unused Assets to reduce memory usage. Loaded Objects now: 1572.
Total: 1.427400 ms (FindLiveObjects: 0.169400 ms CreateObjectMapping: 0.027700 ms MarkObjects: 1.215000 ms  DeleteObjects: 0.014100 ms)

========================================================================
Received Import Request.
  Time since last request: 794.513220 seconds.
  path: Assets/Animations
  artifactKey: Guid(896acdc2457dc754f8c2df4091f420e9) Importer(815301076,1909f56bfc062723c751e8b465ee728b)
Start importing Assets/Animations using Guid(896acdc2457dc754f8c2df4091f420e9) Importer(815301076,1909f56bfc062723c751e8b465ee728b)  -> (artifact id: '01b8436797684d65a95122eac935338f') in 0.009230 seconds
  Import took 0.010935 seconds .

========================================================================
Received Prepare
Registering precompiled user dll's ...
Registered in 0.000725 seconds.
Begin MonoManager ReloadAssembly
Native extension for WindowsStandalone target not found
Refreshing native plugins compatible for Editor in 0.22 ms, found 0 plugins.
Preloading 0 native plugins for Editor in 0.00 ms.
Invoked RoslynAnalysisRunner static constructor.
RoslynAnalysisRunner will not be running.
RoslynAnalysisRunner has terminated.
Mono: successfully reloaded assembly
- Completed reload, in  0.600 seconds
Platform modules already initialized, skipping
Refreshing native plugins compatible for Editor in 0.20 ms, found 0 plugins.
Preloading 0 native plugins for Editor in 0.00 ms.
Unloading 1115 Unused Serialized files (Serialized files now loaded: 0)
System memory in use before: 57.4 MB.
System memory in use after: 57.5 MB.

Unloading 4 unused Assets to reduce memory usage. Loaded Objects now: 1575.
Total: 1.303400 ms (FindLiveObjects: 0.133700 ms CreateObjectMapping: 0.024800 ms MarkObjects: 1.134800 ms  DeleteObjects: 0.009500 ms)

========================================================================
Received Import Request.
  Time since last request: 1764.598217 seconds.
  path: Assets/Audio/ES_Step Land Heavy - SFX Producer.mp3
  artifactKey: Guid(7ff9b786f5813594ea5d9b5785237fe3) Importer(815301076,1909f56bfc062723c751e8b465ee728b)
Start importing Assets/Audio/ES_Step Land Heavy - SFX Producer.mp3 using Guid(7ff9b786f5813594ea5d9b5785237fe3) Importer(815301076,1909f56bfc062723c751e8b465ee728b)  -> (artifact id: 'ffae68bf7946945eceb33f87030c312b') in 0.095746 seconds
  Import took 0.097646 seconds .

========================================================================
Received Import Request.
  Time since last request: 36.951269 seconds.
  path: Assets/Prefabs/Unit.prefab
  artifactKey: Guid(dd769049f7a24c045aa4b47b9397e219) Importer(815301076,1909f56bfc062723c751e8b465ee728b)
Start importing Assets/Prefabs/Unit.prefab using Guid(dd769049f7a24c045aa4b47b9397e219) Importer(815301076,1909f56bfc062723c751e8b465ee728b)  -> (artifact id: '37acec24501562b50ccb51f621ab319c') in 0.034604 seconds
  Import took 0.036580 seconds .

========================================================================
Received Import Request.
  Time since last request: 0.005539 seconds.
  path: Assets/Prefabs/Unit.prefab
  artifactKey: Guid(dd769049f7a24c045aa4b47b9397e219) Importer(815301076,1909f56bfc062723c751e8b465ee728b)
Start importing Assets/Prefabs/Unit.prefab using Guid(dd769049f7a24c045aa4b47b9397e219) Importer(815301076,1909f56bfc062723c751e8b465ee728b)  -> (artifact id: '37acec24501562b50ccb51f621ab319c') in 0.009741 seconds
  Import took 0.011582 seconds .

========================================================================
Received Prepare
Registering precompiled user dll's ...
Registered in 0.000565 seconds.
Begin MonoManager ReloadAssembly
Native extension for WindowsStandalone target not found
Refreshing native plugins compatible for Editor in 0.20 ms, found 0 plugins.
Preloading 0 native plugins for Editor in 0.00 ms.
Invoked RoslynAnalysisRunner static constructor.
RoslynAnalysisRunner will not be running.
RoslynAnalysisRunner has terminated.
Mono: successfully reloaded assembly
- Completed reload, in  0.594 seconds
Platform modules already initialized, skipping
Refreshing native plugins compatible for Editor in 0.20 ms, found 0 plugins.
Preloading 0 native plugins for Editor in 0.00 ms.
Unloading 1115 Unused Serialized files (Serialized files now loaded: 0)
System memory in use before: 60.6 MB.
System memory in use after: 60.7 MB.

Unloading 5 unused Assets to reduce memory usage. Loaded Objects now: 1588.
Total: 1.305200 ms (FindLiveObjects: 0.152400 ms CreateObjectMapping: 0.029200 ms MarkObjects: 1.108400 ms  DeleteObjects: 0.014100 ms)

========================================================================
Received Import Request.
  Time since last request: 72.372090 seconds.
  path: Assets/Audio/Step Land Heavy.mp3
  artifactKey: Guid(7ff9b786f5813594ea5d9b5785237fe3) Importer(815301076,1909f56bfc062723c751e8b465ee728b)
Start importing Assets/Audio/Step Land Heavy.mp3 using Guid(7ff9b786f5813594ea5d9b5785237fe3) Importer(815301076,1909f56bfc062723c751e8b465ee728b)  -> (artifact id: '8ae052c306c78335ebb9078672a90c41') in 0.037513 seconds
  Import took 0.039292 seconds .

AssetImportWorkerClient::OnTransportError - code=2 error=End of file
